[2022-06-16 12:19:26.387] [renderer1] [error] Unable to figure out browser width and height: Error: Unable to figure out browser width and height
    at V (vscode-file://vscode-app/snap/code/99/usr/share/code/resources/app/out/vs/workbench/workbench.desktop.main.js:71:31593)
    at w.load (vscode-file://vscode-app/snap/code/99/usr/share/code/resources/app/out/vs/workbench/workbench.desktop.main.js:1753:65434)
    at N.initLayoutState (vscode-file://vscode-app/snap/code/99/usr/share/code/resources/app/out/vs/workbench/workbench.desktop.main.js:3054:13647)
    at N.initLayout (vscode-file://vscode-app/snap/code/99/usr/share/code/resources/app/out/vs/workbench/workbench.desktop.main.js:3054:9099)
    at vscode-file://vscode-app/snap/code/99/usr/share/code/resources/app/out/vs/workbench/workbench.desktop.main.js:3054:69497
    at v.invokeFunction (vscode-file://vscode-app/snap/code/99/usr/share/code/resources/app/out/vs/workbench/workbench.desktop.main.js:594:319)
    at N.startup (vscode-file://vscode-app/snap/code/99/usr/share/code/resources/app/out/vs/workbench/workbench.desktop.main.js:3054:69328)
    at Y.open (vscode-file://vscode-app/snap/code/99/usr/share/code/resources/app/out/vs/workbench/workbench.desktop.main.js:3103:53626)
    at async vscode-file://vscode-app/snap/code/99/usr/share/code/resources/app/out/bootstrap-window.js:1:3156
[2022-06-16 12:19:26.394] [renderer1] [error] Cannot read properties of undefined (reading 'runtime'): TypeError: Cannot read properties of undefined (reading 'runtime')
    at N.onWindowFocusChanged (vscode-file://vscode-app/snap/code/99/usr/share/code/resources/app/out/vs/workbench/workbench.desktop.main.js:3054:11900)
    at vscode-file://vscode-app/snap/code/99/usr/share/code/resources/app/out/vs/workbench/workbench.desktop.main.js:3054:10638
    at m.invoke (vscode-file://vscode-app/snap/code/99/usr/share/code/resources/app/out/vs/workbench/workbench.desktop.main.js:67:145)
    at s.deliver (vscode-file://vscode-app/snap/code/99/usr/share/code/resources/app/out/vs/workbench/workbench.desktop.main.js:67:2265)
    at o.fire (vscode-file://vscode-app/snap/code/99/usr/share/code/resources/app/out/vs/workbench/workbench.desktop.main.js:67:1843)
    at vscode-file://vscode-app/snap/code/99/usr/share/code/resources/app/out/vs/workbench/workbench.desktop.main.js:65:49581
    at vscode-file://vscode-app/snap/code/99/usr/share/code/resources/app/out/vs/workbench/workbench.desktop.main.js:65:49734
    at m.invoke (vscode-file://vscode-app/snap/code/99/usr/share/code/resources/app/out/vs/workbench/workbench.desktop.main.js:67:145)
    at s.deliver (vscode-file://vscode-app/snap/code/99/usr/share/code/resources/app/out/vs/workbench/workbench.desktop.main.js:67:2265)
    at o.fire (vscode-file://vscode-app/snap/code/99/usr/share/code/resources/app/out/vs/workbench/workbench.desktop.main.js:67:1843)
    at vscode-file://vscode-app/snap/code/99/usr/share/code/resources/app/out/vs/workbench/workbench.desktop.main.js:65:49393
    at m.invoke (vscode-file://vscode-app/snap/code/99/usr/share/code/resources/app/out/vs/workbench/workbench.desktop.main.js:67:145)
    at s.deliver (vscode-file://vscode-app/snap/code/99/usr/share/code/resources/app/out/vs/workbench/workbench.desktop.main.js:67:2265)
    at o.fire (vscode-file://vscode-app/snap/code/99/usr/share/code/resources/app/out/vs/workbench/workbench.desktop.main.js:67:1843)
    at vscode-file://vscode-app/snap/code/99/usr/share/code/resources/app/out/vs/workbench/workbench.desktop.main.js:65:49581
    at m.invoke (vscode-file://vscode-app/snap/code/99/usr/share/code/resources/app/out/vs/workbench/workbench.desktop.main.js:67:145)
    at s.deliver (vscode-file://vscode-app/snap/code/99/usr/share/code/resources/app/out/vs/workbench/workbench.desktop.main.js:67:2265)
    at o.fire (vscode-file://vscode-app/snap/code/99/usr/share/code/resources/app/out/vs/workbench/workbench.desktop.main.js:67:1843)
    at Y (vscode-file://vscode-app/snap/code/99/usr/share/code/resources/app/out/vs/workbench/workbench.desktop.main.js:83:3415)
    at D.onResponse (vscode-file://vscode-app/snap/code/99/usr/share/code/resources/app/out/vs/workbench/workbench.desktop.main.js:83:4389)
    at D.onBuffer (vscode-file://vscode-app/snap/code/99/usr/share/code/resources/app/out/vs/workbench/workbench.desktop.main.js:83:4229)
    at vscode-file://vscode-app/snap/code/99/usr/share/code/resources/app/out/vs/workbench/workbench.desktop.main.js:83:1817
    at m.invoke (vscode-file://vscode-app/snap/code/99/usr/share/code/resources/app/out/vs/workbench/workbench.desktop.main.js:67:145)
    at s.deliver (vscode-file://vscode-app/snap/code/99/usr/share/code/resources/app/out/vs/workbench/workbench.desktop.main.js:67:2265)
    at o.fire (vscode-file://vscode-app/snap/code/99/usr/share/code/resources/app/out/vs/workbench/workbench.desktop.main.js:67:1843)
    at EventEmitter.Y (vscode-file://vscode-app/snap/code/99/usr/share/code/resources/app/out/vs/workbench/workbench.desktop.main.js:65:51343)
    at EventEmitter.emit (node:events:390:28)
    at Object.onMessage (node:electron/js2c/renderer_init:81:881)
[2022-06-16 12:19:26.492] [renderer1] [error] Cannot read properties of undefined (reading 'activate'): TypeError: Cannot read properties of undefined (reading 'activate')
    at Ni.centerLayout (vscode-file://vscode-app/snap/code/99/usr/share/code/resources/app/out/vs/workbench/workbench.desktop.main.js:2944:14572)
    at N.centerEditorLayout (vscode-file://vscode-app/snap/code/99/usr/share/code/resources/app/out/vs/workbench/workbench.desktop.main.js:3054:32210)
    at N.doUpdateLayoutConfiguration (vscode-file://vscode-app/snap/code/99/usr/share/code/resources/app/out/vs/workbench/workbench.desktop.main.js:3054:12056)
    at vscode-file://vscode-app/snap/code/99/usr/share/code/resources/app/out/vs/workbench/workbench.desktop.main.js:3054:9681
    at m.invoke (vscode-file://vscode-app/snap/code/99/usr/share/code/resources/app/out/vs/workbench/workbench.desktop.main.js:67:145)
    at s.deliver (vscode-file://vscode-app/snap/code/99/usr/share/code/resources/app/out/vs/workbench/workbench.desktop.main.js:67:2265)
    at o.fire (vscode-file://vscode-app/snap/code/99/usr/share/code/resources/app/out/vs/workbench/workbench.desktop.main.js:67:1843)
    at N.triggerConfigurationChange (vscode-file://vscode-app/snap/code/99/usr/share/code/resources/app/out/vs/workbench/workbench.desktop.main.js:2689:43662)
    at N.onDefaultConfigurationChanged (vscode-file://vscode-app/snap/code/99/usr/share/code/resources/app/out/vs/workbench/workbench.desktop.main.js:2689:36374)
    at vscode-file://vscode-app/snap/code/99/usr/share/code/resources/app/out/vs/workbench/workbench.desktop.main.js:2689:24663
    at m.invoke (vscode-file://vscode-app/snap/code/99/usr/share/code/resources/app/out/vs/workbench/workbench.desktop.main.js:67:145)
    at s.deliver (vscode-file://vscode-app/snap/code/99/usr/share/code/resources/app/out/vs/workbench/workbench.desktop.main.js:67:2265)
    at o.fire (vscode-file://vscode-app/snap/code/99/usr/share/code/resources/app/out/vs/workbench/workbench.desktop.main.js:67:1843)
    at l.onDidUpdateConfiguration (vscode-file://vscode-app/snap/code/99/usr/share/code/resources/app/out/vs/workbench/workbench.desktop.main.js:620:27022)
    at l.onDidUpdateConfiguration (vscode-file://vscode-app/snap/code/99/usr/share/code/resources/app/out/vs/workbench/workbench.desktop.main.js:1357:6575)
    at vscode-file://vscode-app/snap/code/99/usr/share/code/resources/app/out/vs/workbench/workbench.desktop.main.js:620:26801
    at m.invoke (vscode-file://vscode-app/snap/code/99/usr/share/code/resources/app/out/vs/workbench/workbench.desktop.main.js:67:145)
    at s.deliver (vscode-file://vscode-app/snap/code/99/usr/share/code/resources/app/out/vs/workbench/workbench.desktop.main.js:67:2265)
    at o.fire (vscode-file://vscode-app/snap/code/99/usr/share/code/resources/app/out/vs/workbench/workbench.desktop.main.js:67:1843)
    at registerDefaultConfigurations (vscode-file://vscode-app/snap/code/99/usr/share/code/resources/app/out/vs/workbench/workbench.desktop.main.js:597:77839)
    at m._handler (vscode-file://vscode-app/snap/code/99/usr/share/code/resources/app/out/vs/workbench/workbench.desktop.main.js:1706:36222)
    at m._handle (vscode-file://vscode-app/snap/code/99/usr/share/code/resources/app/out/vs/workbench/workbench.desktop.main.js:1706:26454)
    at m.acceptUsers (vscode-file://vscode-app/snap/code/99/usr/share/code/resources/app/out/vs/workbench/workbench.desktop.main.js:1706:26358)
    at Function._handleExtensionPoint (vscode-file://vscode-app/snap/code/99/usr/share/code/resources/app/out/vs/workbench/workbench.desktop.main.js:3179:32409)
    at k._doHandleExtensionPoints (vscode-file://vscode-app/snap/code/99/usr/share/code/resources/app/out/vs/workbench/workbench.desktop.main.js:3179:31247)
    at k._startLocalExtensionHost (vscode-file://vscode-app/snap/code/99/usr/share/code/resources/app/out/vs/workbench/workbench.desktop.main.js:3181:11717)
    at async k._scanAndHandleExtensions (vscode-file://vscode-app/snap/code/99/usr/share/code/resources/app/out/vs/workbench/workbench.desktop.main.js:3181:10646)
    at async k._initialize (vscode-file://vscode-app/snap/code/99/usr/share/code/resources/app/out/vs/workbench/workbench.desktop.main.js:3179:22814)
[2022-06-16 12:19:26.503] [renderer1] [error] Cannot read properties of undefined (reading 'activate'): TypeError: Cannot read properties of undefined (reading 'activate')
    at Ni.centerLayout (vscode-file://vscode-app/snap/code/99/usr/share/code/resources/app/out/vs/workbench/workbench.desktop.main.js:2944:14572)
    at N.centerEditorLayout (vscode-file://vscode-app/snap/code/99/usr/share/code/resources/app/out/vs/workbench/workbench.desktop.main.js:3054:32210)
    at N.doUpdateLayoutConfiguration (vscode-file://vscode-app/snap/code/99/usr/share/code/resources/app/out/vs/workbench/workbench.desktop.main.js:3054:12056)
    at vscode-file://vscode-app/snap/code/99/usr/share/code/resources/app/out/vs/workbench/workbench.desktop.main.js:3054:9681
    at m.invoke (vscode-file://vscode-app/snap/code/99/usr/share/code/resources/app/out/vs/workbench/workbench.desktop.main.js:67:145)
    at s.deliver (vscode-file://vscode-app/snap/code/99/usr/share/code/resources/app/out/vs/workbench/workbench.desktop.main.js:67:2265)
    at o.fire (vscode-file://vscode-app/snap/code/99/usr/share/code/resources/app/out/vs/workbench/workbench.desktop.main.js:67:1843)
    at N.triggerConfigurationChange (vscode-file://vscode-app/snap/code/99/usr/share/code/resources/app/out/vs/workbench/workbench.desktop.main.js:2689:43662)
    at N.onDefaultConfigurationChanged (vscode-file://vscode-app/snap/code/99/usr/share/code/resources/app/out/vs/workbench/workbench.desktop.main.js:2689:36374)
    at vscode-file://vscode-app/snap/code/99/usr/share/code/resources/app/out/vs/workbench/workbench.desktop.main.js:2689:24663
    at m.invoke (vscode-file://vscode-app/snap/code/99/usr/share/code/resources/app/out/vs/workbench/workbench.desktop.main.js:67:145)
    at s.deliver (vscode-file://vscode-app/snap/code/99/usr/share/code/resources/app/out/vs/workbench/workbench.desktop.main.js:67:2265)
    at o.fire (vscode-file://vscode-app/snap/code/99/usr/share/code/resources/app/out/vs/workbench/workbench.desktop.main.js:67:1843)
    at l.onDidUpdateConfiguration (vscode-file://vscode-app/snap/code/99/usr/share/code/resources/app/out/vs/workbench/workbench.desktop.main.js:620:27022)
    at l.onDidUpdateConfiguration (vscode-file://vscode-app/snap/code/99/usr/share/code/resources/app/out/vs/workbench/workbench.desktop.main.js:1357:6575)
    at vscode-file://vscode-app/snap/code/99/usr/share/code/resources/app/out/vs/workbench/workbench.desktop.main.js:620:26801
    at m.invoke (vscode-file://vscode-app/snap/code/99/usr/share/code/resources/app/out/vs/workbench/workbench.desktop.main.js:67:145)
    at s.deliver (vscode-file://vscode-app/snap/code/99/usr/share/code/resources/app/out/vs/workbench/workbench.desktop.main.js:67:2265)
    at o.fire (vscode-file://vscode-app/snap/code/99/usr/share/code/resources/app/out/vs/workbench/workbench.desktop.main.js:67:1843)
    at registerConfigurations (vscode-file://vscode-app/snap/code/99/usr/share/code/resources/app/out/vs/workbench/workbench.desktop.main.js:597:76247)
    at m._handler (vscode-file://vscode-app/snap/code/99/usr/share/code/resources/app/out/vs/workbench/workbench.desktop.main.js:1706:38139)
    at m._handle (vscode-file://vscode-app/snap/code/99/usr/share/code/resources/app/out/vs/workbench/workbench.desktop.main.js:1706:26454)
    at m.acceptUsers (vscode-file://vscode-app/snap/code/99/usr/share/code/resources/app/out/vs/workbench/workbench.desktop.main.js:1706:26358)
    at Function._handleExtensionPoint (vscode-file://vscode-app/snap/code/99/usr/share/code/resources/app/out/vs/workbench/workbench.desktop.main.js:3179:32409)
    at k._doHandleExtensionPoints (vscode-file://vscode-app/snap/code/99/usr/share/code/resources/app/out/vs/workbench/workbench.desktop.main.js:3179:31247)
    at k._startLocalExtensionHost (vscode-file://vscode-app/snap/code/99/usr/share/code/resources/app/out/vs/workbench/workbench.desktop.main.js:3181:11717)
    at async k._scanAndHandleExtensions (vscode-file://vscode-app/snap/code/99/usr/share/code/resources/app/out/vs/workbench/workbench.desktop.main.js:3181:10646)
    at async k._initialize (vscode-file://vscode-app/snap/code/99/usr/share/code/resources/app/out/vs/workbench/workbench.desktop.main.js:3179:22814)
[2022-06-16 12:19:26.773] [renderer1] [error] Cannot read properties of undefined (reading 'dispose'): TypeError: Cannot read properties of undefined (reading 'dispose')
    at Function.get cache [as cache] (vscode-file://vscode-app/snap/code/99/usr/share/code/resources/app/out/vs/workbench/workbench.desktop.main.js:1982:1682)
    at new N (vscode-file://vscode-app/snap/code/99/usr/share/code/resources/app/out/vs/workbench/workbench.desktop.main.js:1974:25752)
    at v._createInstance (vscode-file://vscode-app/snap/code/99/usr/share/code/resources/app/out/vs/workbench/workbench.desktop.main.js:594:1332)
    at v._createServiceInstance (vscode-file://vscode-app/snap/code/99/usr/share/code/resources/app/out/vs/workbench/workbench.desktop.main.js:594:3729)
    at v._createServiceInstanceWithOwner (vscode-file://vscode-app/snap/code/99/usr/share/code/resources/app/out/vs/workbench/workbench.desktop.main.js:594:3245)
    at v._createAndCacheServiceInstance (vscode-file://vscode-app/snap/code/99/usr/share/code/resources/app/out/vs/workbench/workbench.desktop.main.js:594:2920)
    at v._safeCreateAndCacheServiceInstance (vscode-file://vscode-app/snap/code/99/usr/share/code/resources/app/out/vs/workbench/workbench.desktop.main.js:594:2122)
    at v._getOrCreateServiceInstance (vscode-file://vscode-app/snap/code/99/usr/share/code/resources/app/out/vs/workbench/workbench.desktop.main.js:594:1843)
    at v._createInstance (vscode-file://vscode-app/snap/code/99/usr/share/code/resources/app/out/vs/workbench/workbench.desktop.main.js:594:937)
    at v.createInstance (vscode-file://vscode-app/snap/code/99/usr/share/code/resources/app/out/vs/workbench/workbench.desktop.main.js:594:773)
    at Ss._createExtensionHostCustomers (vscode-file://vscode-app/snap/code/99/usr/share/code/resources/app/out/vs/workbench/workbench.desktop.main.js:1982:7761)
    at vscode-file://vscode-app/snap/code/99/usr/share/code/resources/app/out/vs/workbench/workbench.desktop.main.js:1982:5199
    at processTicksAndRejections (node:internal/process/task_queues:96:5)
[2022-06-16 12:19:26.783] [renderer1] [error] Unknown actor MainThreadTerminalService: Error: Unknown actor MainThreadTerminalService
    at b._doInvokeHandler (vscode-file://vscode-app/snap/code/99/usr/share/code/resources/app/out/vs/workbench/workbench.desktop.main.js:1731:13009)
    at b._invokeHandler (vscode-file://vscode-app/snap/code/99/usr/share/code/resources/app/out/vs/workbench/workbench.desktop.main.js:1731:12889)
    at b._receiveRequest (vscode-file://vscode-app/snap/code/99/usr/share/code/resources/app/out/vs/workbench/workbench.desktop.main.js:1731:11551)
    at b._receiveOneMessage (vscode-file://vscode-app/snap/code/99/usr/share/code/resources/app/out/vs/workbench/workbench.desktop.main.js:1731:10229)
    at vscode-file://vscode-app/snap/code/99/usr/share/code/resources/app/out/vs/workbench/workbench.desktop.main.js:1731:8338
    at m.invoke (vscode-file://vscode-app/snap/code/99/usr/share/code/resources/app/out/vs/workbench/workbench.desktop.main.js:67:145)
    at s.deliver (vscode-file://vscode-app/snap/code/99/usr/share/code/resources/app/out/vs/workbench/workbench.desktop.main.js:67:2265)
    at o.fire (vscode-file://vscode-app/snap/code/99/usr/share/code/resources/app/out/vs/workbench/workbench.desktop.main.js:67:1843)
    at c._deliverMessages (vscode-file://vscode-app/snap/code/99/usr/share/code/resources/app/out/vs/workbench/workbench.desktop.main.js:83:19455)
    at vscode-file://vscode-app/snap/code/99/usr/share/code/resources/app/out/vs/workbench/workbench.desktop.main.js:83:19200
    at processTicksAndRejections (node:internal/process/task_queues:96:5)
[2022-06-16 12:19:26.783] [renderer1] [error] Unknown actor MainThreadSearch: Error: Unknown actor MainThreadSearch
    at b._doInvokeHandler (vscode-file://vscode-app/snap/code/99/usr/share/code/resources/app/out/vs/workbench/workbench.desktop.main.js:1731:13009)
    at b._invokeHandler (vscode-file://vscode-app/snap/code/99/usr/share/code/resources/app/out/vs/workbench/workbench.desktop.main.js:1731:12889)
    at b._receiveRequest (vscode-file://vscode-app/snap/code/99/usr/share/code/resources/app/out/vs/workbench/workbench.desktop.main.js:1731:11551)
    at b._receiveOneMessage (vscode-file://vscode-app/snap/code/99/usr/share/code/resources/app/out/vs/workbench/workbench.desktop.main.js:1731:10229)
    at vscode-file://vscode-app/snap/code/99/usr/share/code/resources/app/out/vs/workbench/workbench.desktop.main.js:1731:8338
    at m.invoke (vscode-file://vscode-app/snap/code/99/usr/share/code/resources/app/out/vs/workbench/workbench.desktop.main.js:67:145)
    at s.deliver (vscode-file://vscode-app/snap/code/99/usr/share/code/resources/app/out/vs/workbench/workbench.desktop.main.js:67:2265)
    at o.fire (vscode-file://vscode-app/snap/code/99/usr/share/code/resources/app/out/vs/workbench/workbench.desktop.main.js:67:1843)
    at c._deliverMessages (vscode-file://vscode-app/snap/code/99/usr/share/code/resources/app/out/vs/workbench/workbench.desktop.main.js:83:19455)
    at vscode-file://vscode-app/snap/code/99/usr/share/code/resources/app/out/vs/workbench/workbench.desktop.main.js:83:19200
    at processTicksAndRejections (node:internal/process/task_queues:96:5)
[2022-06-16 12:19:36.701] [renderer1] [error] Cannot read properties of undefined (reading 'runtime'): TypeError: Cannot read properties of undefined (reading 'runtime')
    at N.onWindowFocusChanged (vscode-file://vscode-app/snap/code/99/usr/share/code/resources/app/out/vs/workbench/workbench.desktop.main.js:3054:11900)
    at vscode-file://vscode-app/snap/code/99/usr/share/code/resources/app/out/vs/workbench/workbench.desktop.main.js:3054:10638
    at m.invoke (vscode-file://vscode-app/snap/code/99/usr/share/code/resources/app/out/vs/workbench/workbench.desktop.main.js:67:145)
    at s.deliver (vscode-file://vscode-app/snap/code/99/usr/share/code/resources/app/out/vs/workbench/workbench.desktop.main.js:67:2265)
    at o.fire (vscode-file://vscode-app/snap/code/99/usr/share/code/resources/app/out/vs/workbench/workbench.desktop.main.js:67:1843)
    at vscode-file://vscode-app/snap/code/99/usr/share/code/resources/app/out/vs/workbench/workbench.desktop.main.js:65:49581
    at vscode-file://vscode-app/snap/code/99/usr/share/code/resources/app/out/vs/workbench/workbench.desktop.main.js:65:49734
    at m.invoke (vscode-file://vscode-app/snap/code/99/usr/share/code/resources/app/out/vs/workbench/workbench.desktop.main.js:67:145)
    at s.deliver (vscode-file://vscode-app/snap/code/99/usr/share/code/resources/app/out/vs/workbench/workbench.desktop.main.js:67:2265)
    at o.fire (vscode-file://vscode-app/snap/code/99/usr/share/code/resources/app/out/vs/workbench/workbench.desktop.main.js:67:1843)
    at vscode-file://vscode-app/snap/code/99/usr/share/code/resources/app/out/vs/workbench/workbench.desktop.main.js:65:49393
    at m.invoke (vscode-file://vscode-app/snap/code/99/usr/share/code/resources/app/out/vs/workbench/workbench.desktop.main.js:67:145)
    at s.deliver (vscode-file://vscode-app/snap/code/99/usr/share/code/resources/app/out/vs/workbench/workbench.desktop.main.js:67:2265)
    at o.fire (vscode-file://vscode-app/snap/code/99/usr/share/code/resources/app/out/vs/workbench/workbench.desktop.main.js:67:1843)
    at vscode-file://vscode-app/snap/code/99/usr/share/code/resources/app/out/vs/workbench/workbench.desktop.main.js:65:49581
    at m.invoke (vscode-file://vscode-app/snap/code/99/usr/share/code/resources/app/out/vs/workbench/workbench.desktop.main.js:67:145)
    at s.deliver (vscode-file://vscode-app/snap/code/99/usr/share/code/resources/app/out/vs/workbench/workbench.desktop.main.js:67:2265)
    at o.fire (vscode-file://vscode-app/snap/code/99/usr/share/code/resources/app/out/vs/workbench/workbench.desktop.main.js:67:1843)
    at Y (vscode-file://vscode-app/snap/code/99/usr/share/code/resources/app/out/vs/workbench/workbench.desktop.main.js:83:3415)
    at D.onResponse (vscode-file://vscode-app/snap/code/99/usr/share/code/resources/app/out/vs/workbench/workbench.desktop.main.js:83:4389)
    at D.onBuffer (vscode-file://vscode-app/snap/code/99/usr/share/code/resources/app/out/vs/workbench/workbench.desktop.main.js:83:4229)
    at vscode-file://vscode-app/snap/code/99/usr/share/code/resources/app/out/vs/workbench/workbench.desktop.main.js:83:1817
    at m.invoke (vscode-file://vscode-app/snap/code/99/usr/share/code/resources/app/out/vs/workbench/workbench.desktop.main.js:67:145)
    at s.deliver (vscode-file://vscode-app/snap/code/99/usr/share/code/resources/app/out/vs/workbench/workbench.desktop.main.js:67:2265)
    at o.fire (vscode-file://vscode-app/snap/code/99/usr/share/code/resources/app/out/vs/workbench/workbench.desktop.main.js:67:1843)
    at EventEmitter.Y (vscode-file://vscode-app/snap/code/99/usr/share/code/resources/app/out/vs/workbench/workbench.desktop.main.js:65:51343)
    at EventEmitter.emit (node:events:390:28)
    at Object.onMessage (node:electron/js2c/renderer_init:81:881)
